{"/home/remco/Projects/monaco-yaml/fillers/ajv.ts": {"path":"/home/remco/Projects/monaco-yaml/fillers/ajv.ts","statementMap":{"0":{"start":{"line":4,"column":4},"end":{"line":4,"column":null}}},"fnMap":{"0":{"name":"(anonymous_0)","decl":{"start":{"line":3,"column":2},"end":{"line":3,"column":28}},"loc":{"start":{"line":3,"column":28},"end":{"line":5,"column":null}}},"1":{"name":"(anonymous_1)","decl":{"start":{"line":8,"column":2},"end":{"line":8,"column":27}},"loc":{"start":{"line":8,"column":27},"end":{"line":10,"column":null}}}},"branchMap":{},"s":{"0":0},"f":{"0":0,"1":0},"b":{}}
,"/home/remco/Projects/monaco-yaml/fillers/lodash.ts": {"path":"/home/remco/Projects/monaco-yaml/fillers/lodash.ts","statementMap":{"0":{"start":{"line":1,"column":25},"end":{"line":1,"column":null}}},"fnMap":{},"branchMap":{},"s":{"0":0},"f":{},"b":{}}
,"/home/remco/Projects/monaco-yaml/fillers/schemaSelectionHandlers.ts": {"path":"/home/remco/Projects/monaco-yaml/fillers/schemaSelectionHandlers.ts","statementMap":{},"fnMap":{"0":{"name":"JSONSchemaSelection","decl":{"start":{"line":5,"column":16},"end":{"line":5,"column":44}},"loc":{"start":{"line":5,"column":44},"end":{"line":5,"column":null}}}},"branchMap":{},"s":{},"f":{"0":0},"b":{}}
,"/home/remco/Projects/monaco-yaml/fillers/vscode-nls.ts": {"path":"/home/remco/Projects/monaco-yaml/fillers/vscode-nls.ts","statementMap":{"0":{"start":{"line":3,"column":31},"end":{"line":8,"column":null}},"1":{"start":{"line":4,"column":2},"end":{"line":8,"column":null}},"2":{"start":{"line":7,"column":8},"end":{"line":7,"column":null}},"3":{"start":{"line":17,"column":2},"end":{"line":17,"column":null}},"4":{"start":{"line":27,"column":2},"end":{"line":27,"column":null}}},"fnMap":{"0":{"name":"(anonymous_0)","decl":{"start":{"line":3,"column":31},"end":{"line":3,"column":32}},"loc":{"start":{"line":4,"column":2},"end":{"line":8,"column":null}}},"1":{"name":"(anonymous_1)","decl":{"start":{"line":6,"column":37},"end":{"line":6,"column":38}},"loc":{"start":{"line":7,"column":8},"end":{"line":7,"column":null}}},"2":{"name":"loadMessageBundle","decl":{"start":{"line":16,"column":16},"end":{"line":16,"column":50}},"loc":{"start":{"line":16,"column":50},"end":{"line":18,"column":null}}},"3":{"name":"config","decl":{"start":{"line":26,"column":16},"end":{"line":26,"column":35}},"loc":{"start":{"line":26,"column":35},"end":{"line":28,"column":null}}}},"branchMap":{"0":{"loc":{"start":{"line":4,"column":2},"end":{"line":8,"column":null}},"type":"cond-expr","locations":[{"start":{"line":5,"column":6},"end":{"line":5,"column":null}},{"start":{"line":6,"column":6},"end":{"line":8,"column":null}}]},"1":{"loc":{"start":{"line":7,"column":8},"end":{"line":7,"column":null}},"type":"cond-expr","locations":[{"start":{"line":7,"column":24},"end":{"line":7,"column":46}},{"start":{"line":7,"column":46},"end":{"line":7,"column":null}}]}},"s":{"0":0,"1":0,"2":0,"3":0,"4":0},"f":{"0":0,"1":0,"2":0,"3":0},"b":{"0":[0,0],"1":[0,0]}}
,"/home/remco/Projects/monaco-yaml/src/index.ts": {"path":"/home/remco/Projects/monaco-yaml/src/index.ts","statementMap":{"0":{"start":{"line":207,"column":40},"end":{"line":218,"column":null}},"1":{"start":{"line":220,"column":2},"end":{"line":225,"column":null}},"2":{"start":{"line":227,"column":24},"end":{"line":231,"column":null}},"3":{"start":{"line":233,"column":24},"end":{"line":233,"column":null}},"4":{"start":{"line":235,"column":29},"end":{"line":251,"column":null}},"5":{"start":{"line":239,"column":21},"end":{"line":239,"column":null}},"6":{"start":{"line":240,"column":26},"end":{"line":240,"column":null}},"7":{"start":{"line":242,"column":6},"end":{"line":242,"column":null}},"8":{"start":{"line":244,"column":6},"end":{"line":244,"column":null}},"9":{"start":{"line":248,"column":21},"end":{"line":248,"column":null}},"10":{"start":{"line":249,"column":6},"end":{"line":249,"column":null}},"11":{"start":{"line":253,"column":22},"end":{"line":417,"column":null}},"12":{"start":{"line":261,"column":25},"end":{"line":261,"column":null}},"13":{"start":{"line":262,"column":23},"end":{"line":262,"column":null}},"14":{"start":{"line":263,"column":21},"end":{"line":263,"column":null}},"15":{"start":{"line":265,"column":8},"end":{"line":274,"column":null}},"16":{"start":{"line":266,"column":10},"end":{"line":273,"column":null}},"17":{"start":{"line":280,"column":23},"end":{"line":280,"column":null}},"18":{"start":{"line":281,"column":21},"end":{"line":281,"column":null}},"19":{"start":{"line":283,"column":8},"end":{"line":285,"column":null}},"20":{"start":{"line":284,"column":10},"end":{"line":284,"column":null}},"21":{"start":{"line":291,"column":23},"end":{"line":291,"column":null}},"22":{"start":{"line":292,"column":30},"end":{"line":292,"column":null}},"23":{"start":{"line":294,"column":8},"end":{"line":294,"column":null}},"24":{"start":{"line":302,"column":23},"end":{"line":302,"column":null}},"25":{"start":{"line":303,"column":22},"end":{"line":303,"column":null}},"26":{"start":{"line":305,"column":8},"end":{"line":305,"column":null}},"27":{"start":{"line":313,"column":23},"end":{"line":313,"column":null}},"28":{"start":{"line":314,"column":22},"end":{"line":314,"column":null}},"29":{"start":{"line":316,"column":8},"end":{"line":316,"column":null}},"30":{"start":{"line":322,"column":23},"end":{"line":322,"column":null}},"31":{"start":{"line":323,"column":22},"end":{"line":323,"column":null}},"32":{"start":{"line":325,"column":8},"end":{"line":329,"column":null}},"33":{"start":{"line":326,"column":10},"end":{"line":328,"column":null}},"34":{"start":{"line":335,"column":23},"end":{"line":335,"column":null}},"35":{"start":{"line":336,"column":28},"end":{"line":343,"column":null}},"36":{"start":{"line":340,"column":39},"end":{"line":340,"column":87}},"37":{"start":{"line":345,"column":8},"end":{"line":352,"column":null}},"38":{"start":{"line":346,"column":10},"end":{"line":351,"column":null}},"39":{"start":{"line":358,"column":23},"end":{"line":358,"column":null}},"40":{"start":{"line":359,"column":30},"end":{"line":359,"column":null}},"41":{"start":{"line":361,"column":8},"end":{"line":361,"column":null}},"42":{"start":{"line":394,"column":23},"end":{"line":394,"column":null}},"43":{"start":{"line":395,"column":22},"end":{"line":400,"column":null}},"44":{"start":{"line":402,"column":8},"end":{"line":402,"column":null}},"45":{"start":{"line":408,"column":23},"end":{"line":408,"column":null}},"46":{"start":{"line":409,"column":32},"end":{"line":412,"column":null}},"47":{"start":{"line":414,"column":8},"end":{"line":414,"column":null}},"48":{"start":{"line":419,"column":2},"end":{"line":430,"column":null}},"49":{"start":{"line":421,"column":6},"end":{"line":423,"column":null}},"50":{"start":{"line":422,"column":8},"end":{"line":422,"column":null}},"51":{"start":{"line":427,"column":6},"end":{"line":427,"column":null}},"52":{"start":{"line":428,"column":6},"end":{"line":428,"column":null}}},"fnMap":{"0":{"name":"configureMonacoYaml","decl":{"start":{"line":206,"column":16},"end":{"line":206,"column":36}},"loc":{"start":{"line":206,"column":99},"end":{"line":431,"column":null}}},"1":{"name":"(anonymous_1)","decl":{"start":{"line":238,"column":4},"end":{"line":238,"column":10}},"loc":{"start":{"line":238,"column":35},"end":{"line":245,"column":null}}},"2":{"name":"(anonymous_2)","decl":{"start":{"line":247,"column":4},"end":{"line":247,"column":10}},"loc":{"start":{"line":247,"column":25},"end":{"line":250,"column":null}}},"3":{"name":"(anonymous_3)","decl":{"start":{"line":260,"column":6},"end":{"line":260,"column":12}},"loc":{"start":{"line":260,"column":52},"end":{"line":275,"column":null}}},"4":{"name":"(anonymous_4)","decl":{"start":{"line":279,"column":6},"end":{"line":279,"column":12}},"loc":{"start":{"line":279,"column":42},"end":{"line":286,"column":null}}},"5":{"name":"(anonymous_5)","decl":{"start":{"line":290,"column":6},"end":{"line":290,"column":12}},"loc":{"start":{"line":290,"column":47},"end":{"line":295,"column":null}}},"6":{"name":"(anonymous_6)","decl":{"start":{"line":301,"column":6},"end":{"line":301,"column":12}},"loc":{"start":{"line":301,"column":42},"end":{"line":306,"column":null}}},"7":{"name":"(anonymous_7)","decl":{"start":{"line":312,"column":6},"end":{"line":312,"column":12}},"loc":{"start":{"line":312,"column":50},"end":{"line":317,"column":null}}},"8":{"name":"(anonymous_8)","decl":{"start":{"line":321,"column":6},"end":{"line":321,"column":12}},"loc":{"start":{"line":321,"column":32},"end":{"line":330,"column":null}}},"9":{"name":"(anonymous_9)","decl":{"start":{"line":334,"column":6},"end":{"line":334,"column":12}},"loc":{"start":{"line":334,"column":54},"end":{"line":353,"column":null}}},"10":{"name":"(anonymous_10)","decl":{"start":{"line":340,"column":23},"end":{"line":340,"column":24}},"loc":{"start":{"line":340,"column":39},"end":{"line":340,"column":87}}},"11":{"name":"(anonymous_11)","decl":{"start":{"line":348,"column":12},"end":{"line":348,"column":22}},"loc":{"start":{"line":348,"column":22},"end":{"line":350,"column":null}}},"12":{"name":"(anonymous_12)","decl":{"start":{"line":357,"column":6},"end":{"line":357,"column":12}},"loc":{"start":{"line":357,"column":40},"end":{"line":362,"column":null}}},"13":{"name":"(anonymous_13)","decl":{"start":{"line":393,"column":6},"end":{"line":393,"column":12}},"loc":{"start":{"line":393,"column":81},"end":{"line":403,"column":null}}},"14":{"name":"(anonymous_14)","decl":{"start":{"line":407,"column":6},"end":{"line":407,"column":12}},"loc":{"start":{"line":407,"column":53},"end":{"line":415,"column":null}}},"15":{"name":"(anonymous_15)","decl":{"start":{"line":420,"column":4},"end":{"line":420,"column":14}},"loc":{"start":{"line":420,"column":14},"end":{"line":424,"column":null}}},"16":{"name":"(anonymous_16)","decl":{"start":{"line":426,"column":4},"end":{"line":426,"column":10}},"loc":{"start":{"line":426,"column":29},"end":{"line":429,"column":null}}}},"branchMap":{"0":{"loc":{"start":{"line":265,"column":8},"end":{"line":274,"column":null}},"type":"if","locations":[{"start":{"line":265,"column":8},"end":{"line":274,"column":null}},{"start":{},"end":{}}]},"1":{"loc":{"start":{"line":283,"column":8},"end":{"line":285,"column":null}},"type":"if","locations":[{"start":{"line":283,"column":8},"end":{"line":285,"column":null}},{"start":{},"end":{}}]},"2":{"loc":{"start":{"line":325,"column":8},"end":{"line":329,"column":null}},"type":"if","locations":[{"start":{"line":325,"column":8},"end":{"line":329,"column":null}},{"start":{},"end":{}}]},"3":{"loc":{"start":{"line":338,"column":12},"end":{"line":340,"column":null}},"type":"binary-expr","locations":[{"start":{"line":338,"column":12},"end":{"line":340,"column":92}},{"start":{"line":340,"column":92},"end":{"line":340,"column":null}}]},"4":{"loc":{"start":{"line":341,"column":16},"end":{"line":341,"column":null}},"type":"cond-expr","locations":[{"start":{"line":341,"column":31},"end":{"line":341,"column":48}},{"start":{"line":341,"column":48},"end":{"line":341,"column":null}}]},"5":{"loc":{"start":{"line":345,"column":8},"end":{"line":352,"column":null}},"type":"if","locations":[{"start":{"line":345,"column":8},"end":{"line":352,"column":null}},{"start":{},"end":{}}]}},"s":{"0":0,"1":0,"2":0,"3":0,"4":0,"5":0,"6":0,"7":0,"8":0,"9":0,"10":0,"11":0,"12":0,"13":0,"14":0,"15":0,"16":0,"17":0,"18":0,"19":0,"20":0,"21":0,"22":0,"23":0,"24":0,"25":0,"26":0,"27":0,"28":0,"29":0,"30":0,"31":0,"32":0,"33":0,"34":0,"35":0,"36":0,"37":0,"38":0,"39":0,"40":0,"41":0,"42":0,"43":0,"44":0,"45":0,"46":0,"47":0,"48":0,"49":0,"50":0,"51":0,"52":0},"f":{"0":0,"1":0,"2":0,"3":0,"4":0,"5":0,"6":0,"7":0,"8":0,"9":0,"10":0,"11":0,"12":0,"13":0,"14":0,"15":0,"16":0},"b":{"0":[0,0],"1":[0,0],"2":[0,0],"3":[0,0],"4":[0,0],"5":[0,0]}}
,"/home/remco/Projects/monaco-yaml/src/yaml.worker.ts": {"path":"/home/remco/Projects/monaco-yaml/src/yaml.worker.ts","statementMap":{"0":{"start":{"line":36,"column":19},"end":{"line":36,"column":null}},"1":{"start":{"line":37,"column":2},"end":{"line":39,"column":null}},"2":{"start":{"line":38,"column":4},"end":{"line":38,"column":null}},"3":{"start":{"line":40,"column":2},"end":{"line":40,"column":null}},"4":{"start":{"line":113,"column":29},"end":{"line":124,"column":null}},"5":{"start":{"line":119,"column":4},"end":{"line":119,"column":null}},"6":{"start":{"line":126,"column":50},"end":{"line":130,"column":null}},"7":{"start":{"line":128,"column":4},"end":{"line":128,"column":null}},"8":{"start":{"line":132,"column":0},"end":{"line":203,"column":null}},"9":{"start":{"line":133,"column":13},"end":{"line":151,"column":null}},"10":{"start":{"line":154,"column":4},"end":{"line":162,"column":null}},"11":{"start":{"line":155,"column":4},"end":{"line":162,"column":null}},"12":{"start":{"line":156,"column":21},"end":{"line":156,"column":null}},"13":{"start":{"line":157,"column":6},"end":{"line":161,"column":null}},"14":{"start":{"line":158,"column":8},"end":{"line":160,"column":null}},"15":{"start":{"line":159,"column":10},"end":{"line":159,"column":null}},"16":{"start":{"line":164,"column":2},"end":{"line":164,"column":null}},"17":{"start":{"line":166,"column":2},"end":{"line":202,"column":null}},"18":{"start":{"line":168,"column":6},"end":{"line":168,"column":null}},"19":{"start":{"line":172,"column":6},"end":{"line":172,"column":null}},"20":{"start":{"line":176,"column":6},"end":{"line":176,"column":null}},"21":{"start":{"line":180,"column":6},"end":{"line":180,"column":null}},"22":{"start":{"line":194,"column":6},"end":{"line":194,"column":null}},"23":{"start":{"line":198,"column":6},"end":{"line":198,"column":null}}},"fnMap":{"0":{"name":"schemaRequestService","decl":{"start":{"line":35,"column":15},"end":{"line":35,"column":36}},"loc":{"start":{"line":35,"column":66},"end":{"line":41,"column":null}}},"1":{"name":"(anonymous_1)","decl":{"start":{"line":114,"column":2},"end":{"line":114,"column":9}},"loc":{"start":{"line":114,"column":9},"end":{"line":116,"column":null}}},"2":{"name":"(anonymous_2)","decl":{"start":{"line":117,"column":2},"end":{"line":117,"column":12}},"loc":{"start":{"line":117,"column":25},"end":{"line":120,"column":null}}},"3":{"name":"(anonymous_3)","decl":{"start":{"line":121,"column":2},"end":{"line":121,"column":14}},"loc":{"start":{"line":121,"column":14},"end":{"line":123,"column":null}}},"4":{"name":"(anonymous_4)","decl":{"start":{"line":127,"column":2},"end":{"line":127,"column":22}},"loc":{"start":{"line":127,"column":46},"end":{"line":129,"column":null}}},"5":{"name":"(anonymous_5)","decl":{"start":{"line":132,"column":42},"end":{"line":132,"column":43}},"loc":{"start":{"line":132,"column":97},"end":{"line":203,"column":1}}},"6":{"name":"(anonymous_6)","decl":{"start":{"line":154,"column":4},"end":{"line":154,"column":29}},"loc":{"start":{"line":155,"column":4},"end":{"line":162,"column":null}}},"7":{"name":"(anonymous_7)","decl":{"start":{"line":155,"column":4},"end":{"line":155,"column":5}},"loc":{"start":{"line":155,"column":33},"end":{"line":162,"column":null}}},"8":{"name":"(anonymous_8)","decl":{"start":{"line":167,"column":31},"end":{"line":167,"column":32}},"loc":{"start":{"line":168,"column":6},"end":{"line":168,"column":null}}},"9":{"name":"(anonymous_9)","decl":{"start":{"line":171,"column":29},"end":{"line":171,"column":30}},"loc":{"start":{"line":172,"column":6},"end":{"line":172,"column":null}}},"10":{"name":"(anonymous_10)","decl":{"start":{"line":175,"column":31},"end":{"line":175,"column":32}},"loc":{"start":{"line":176,"column":6},"end":{"line":176,"column":null}}},"11":{"name":"(anonymous_11)","decl":{"start":{"line":179,"column":45},"end":{"line":179,"column":46}},"loc":{"start":{"line":180,"column":6},"end":{"line":180,"column":null}}},"12":{"name":"(anonymous_12)","decl":{"start":{"line":193,"column":32},"end":{"line":193,"column":33}},"loc":{"start":{"line":194,"column":6},"end":{"line":194,"column":null}}},"13":{"name":"(anonymous_13)","decl":{"start":{"line":197,"column":35},"end":{"line":197,"column":36}},"loc":{"start":{"line":198,"column":6},"end":{"line":198,"column":null}}}},"branchMap":{"0":{"loc":{"start":{"line":37,"column":2},"end":{"line":39,"column":null}},"type":"if","locations":[{"start":{"line":37,"column":2},"end":{"line":39,"column":null}},{"start":{},"end":{}}]},"1":{"loc":{"start":{"line":135,"column":26},"end":{"line":135,"column":null}},"type":"cond-expr","locations":[{"start":{"line":135,"column":48},"end":{"line":135,"column":71}},{"start":{"line":135,"column":71},"end":{"line":135,"column":null}}]},"2":{"loc":{"start":{"line":158,"column":8},"end":{"line":160,"column":null}},"type":"if","locations":[{"start":{"line":158,"column":8},"end":{"line":160,"column":null}},{"start":{},"end":{}}]}},"s":{"0":0,"1":0,"2":0,"3":0,"4":0,"5":0,"6":0,"7":0,"8":0,"9":0,"10":0,"11":0,"12":0,"13":0,"14":0,"15":0,"16":0,"17":0,"18":0,"19":0,"20":0,"21":0,"22":0,"23":0},"f":{"0":0,"1":0,"2":0,"3":0,"4":0,"5":0,"6":0,"7":0,"8":0,"9":0,"10":0,"11":0,"12":0,"13":0},"b":{"0":[0,0],"1":[0,0],"2":[0,0]}}
}
